[0.385s] Invoking command in '/home/ethan/aquatonomous-sim/sim_ws/src/boat_sim': PYTHONPATH=/home/ethan/aquatonomous-sim/sim_ws/build/boat_sim/prefix_override:/usr/lib/python3/dist-packages/colcon_core/task/python/colcon_distutils_commands:/home/ethan/aquatonomous-sim/sim_ws/install/boat_sim/lib/python3.10/site-packages:${PYTHONPATH} /usr/bin/python3 -W ignore:setup.py install is deprecated -W ignore:easy_install command is deprecated setup.py egg_info --egg-base ../../build/boat_sim build --build-base /home/ethan/aquatonomous-sim/sim_ws/build/boat_sim/build install --record /home/ethan/aquatonomous-sim/sim_ws/build/boat_sim/install.log --single-version-externally-managed install_data
[0.518s] running egg_info
[0.519s] writing ../../build/boat_sim/boat_sim.egg-info/PKG-INFO
[0.519s] writing dependency_links to ../../build/boat_sim/boat_sim.egg-info/dependency_links.txt
[0.519s] writing requirements to ../../build/boat_sim/boat_sim.egg-info/requires.txt
[0.519s] writing top-level names to ../../build/boat_sim/boat_sim.egg-info/top_level.txt
[0.520s] reading manifest file '../../build/boat_sim/boat_sim.egg-info/SOURCES.txt'
[0.520s] writing manifest file '../../build/boat_sim/boat_sim.egg-info/SOURCES.txt'
[0.521s] running build
[0.521s] running install
[0.521s] running install_data
[0.521s] copying launch/bringup.launch.py -> /home/ethan/aquatonomous-sim/sim_ws/install/boat_sim/share/boat_sim/launch
[0.521s] copying worlds/flat_water.sdf -> /home/ethan/aquatonomous-sim/sim_ws/install/boat_sim/share/boat_sim/worlds
[0.521s] creating /home/ethan/aquatonomous-sim/sim_ws/install/boat_sim/share/boat_sim/models
[0.522s] creating /home/ethan/aquatonomous-sim/sim_ws/install/boat_sim/share/boat_sim/models/nd_boat
[0.522s] copying models/nd_boat/model.config -> /home/ethan/aquatonomous-sim/sim_ws/install/boat_sim/share/boat_sim/models/nd_boat
[0.522s] copying models/nd_boat/model.sdf -> /home/ethan/aquatonomous-sim/sim_ws/install/boat_sim/share/boat_sim/models/nd_boat
[0.522s] creating /home/ethan/aquatonomous-sim/sim_ws/install/boat_sim/share/boat_sim/config
[0.522s] copying config/bridge.yaml -> /home/ethan/aquatonomous-sim/sim_ws/install/boat_sim/share/boat_sim/config
[0.522s] running install_egg_info
[0.524s] removing '/home/ethan/aquatonomous-sim/sim_ws/install/boat_sim/lib/python3.10/site-packages/boat_sim-0.0.1-py3.10.egg-info' (and everything under it)
[0.524s] Copying ../../build/boat_sim/boat_sim.egg-info to /home/ethan/aquatonomous-sim/sim_ws/install/boat_sim/lib/python3.10/site-packages/boat_sim-0.0.1-py3.10.egg-info
[0.524s] running install_scripts
[0.539s] writing list of installed files to '/home/ethan/aquatonomous-sim/sim_ws/build/boat_sim/install.log'
[0.555s] Invoked command in '/home/ethan/aquatonomous-sim/sim_ws/src/boat_sim' returned '0': PYTHONPATH=/home/ethan/aquatonomous-sim/sim_ws/build/boat_sim/prefix_override:/usr/lib/python3/dist-packages/colcon_core/task/python/colcon_distutils_commands:/home/ethan/aquatonomous-sim/sim_ws/install/boat_sim/lib/python3.10/site-packages:${PYTHONPATH} /usr/bin/python3 -W ignore:setup.py install is deprecated -W ignore:easy_install command is deprecated setup.py egg_info --egg-base ../../build/boat_sim build --build-base /home/ethan/aquatonomous-sim/sim_ws/build/boat_sim/build install --record /home/ethan/aquatonomous-sim/sim_ws/build/boat_sim/install.log --single-version-externally-managed install_data
