[0.382s] Invoking command in '/home/ethan/aquatonomous-sim/sim_ws/src/boat_sim': PYTHONPATH=/home/ethan/aquatonomous-sim/sim_ws/build/boat_sim/prefix_override:/usr/lib/python3/dist-packages/colcon_core/task/python/colcon_distutils_commands:/home/ethan/aquatonomous-sim/sim_ws/install/boat_sim/lib/python3.10/site-packages:${PYTHONPATH} /usr/bin/python3 -W ignore:setup.py install is deprecated -W ignore:easy_install command is deprecated setup.py egg_info --egg-base ../../build/boat_sim build --build-base /home/ethan/aquatonomous-sim/sim_ws/build/boat_sim/build install --record /home/ethan/aquatonomous-sim/sim_ws/build/boat_sim/install.log --single-version-externally-managed install_data
[0.508s] running egg_info
[0.508s] creating ../../build/boat_sim/boat_sim.egg-info
[0.508s] writing ../../build/boat_sim/boat_sim.egg-info/PKG-INFO
[0.508s] writing dependency_links to ../../build/boat_sim/boat_sim.egg-info/dependency_links.txt
[0.509s] writing requirements to ../../build/boat_sim/boat_sim.egg-info/requires.txt
[0.509s] writing top-level names to ../../build/boat_sim/boat_sim.egg-info/top_level.txt
[0.509s] writing manifest file '../../build/boat_sim/boat_sim.egg-info/SOURCES.txt'
[0.509s] reading manifest file '../../build/boat_sim/boat_sim.egg-info/SOURCES.txt'
[0.510s] writing manifest file '../../build/boat_sim/boat_sim.egg-info/SOURCES.txt'
[0.510s] running build
[0.510s] running install
[0.510s] running install_data
[0.510s] creating /home/ethan/aquatonomous-sim/sim_ws/install/boat_sim/share/ament_index
[0.510s] creating /home/ethan/aquatonomous-sim/sim_ws/install/boat_sim/share/ament_index/resource_index
[0.510s] creating /home/ethan/aquatonomous-sim/sim_ws/install/boat_sim/share/ament_index/resource_index/packages
[0.510s] copying resource/boat_sim -> /home/ethan/aquatonomous-sim/sim_ws/install/boat_sim/share/ament_index/resource_index/packages
[0.511s] copying package.xml -> /home/ethan/aquatonomous-sim/sim_ws/install/boat_sim/share/boat_sim
[0.511s] creating /home/ethan/aquatonomous-sim/sim_ws/install/boat_sim/share/boat_sim/launch
[0.511s] creating /home/ethan/aquatonomous-sim/sim_ws/install/boat_sim/share/boat_sim/worlds
[0.511s] running install_egg_info
[0.513s] Copying ../../build/boat_sim/boat_sim.egg-info to /home/ethan/aquatonomous-sim/sim_ws/install/boat_sim/lib/python3.10/site-packages/boat_sim-0.0.1-py3.10.egg-info
[0.513s] running install_scripts
[0.528s] writing list of installed files to '/home/ethan/aquatonomous-sim/sim_ws/build/boat_sim/install.log'
[0.546s] Invoked command in '/home/ethan/aquatonomous-sim/sim_ws/src/boat_sim' returned '0': PYTHONPATH=/home/ethan/aquatonomous-sim/sim_ws/build/boat_sim/prefix_override:/usr/lib/python3/dist-packages/colcon_core/task/python/colcon_distutils_commands:/home/ethan/aquatonomous-sim/sim_ws/install/boat_sim/lib/python3.10/site-packages:${PYTHONPATH} /usr/bin/python3 -W ignore:setup.py install is deprecated -W ignore:easy_install command is deprecated setup.py egg_info --egg-base ../../build/boat_sim build --build-base /home/ethan/aquatonomous-sim/sim_ws/build/boat_sim/build install --record /home/ethan/aquatonomous-sim/sim_ws/build/boat_sim/install.log --single-version-externally-managed install_data
