[1;33m[Wrn] [Thruster.cc:275] [0m[1;33m/model/nd_boat/joint/left_prop_joint/cmd_pos[0m[1;33m topic is deprecated[0m[1;33m[0m
[1;33m[Wrn] [Thruster.cc:275] [0m[1;33m/model/nd_boat/joint/right_prop_joint/cmd_pos[0m[1;33m topic is deprecated[0m[1;33m[0m
[1;32m[Msg] [0m[1;32mIgnition Gazebo Server v[0m[1;32m6.17.0[0m[1;32m[0m
[1;32m[Msg] [0m[1;32mLoading SDF world file[[0m[1;32m/home/ethan/aquatonomous-sim/sim_ws/install/boat_sim/share/boat_sim/worlds/flat_water.sdf[0m[1;32m].[0m
[1;32m[Msg] [0m[1;32mServing entity system service on [[0m[1;32m/[0m[1;32mentity/system/add[0m[1;32m][0m[1;32m[0m
[1;32m[Msg] [0m[1;32mThruster listening to commands in [[0m[1;32m/model/nd_boat/joint/left_prop_joint/cmd_thrust[0m[1;32m][0m[1;32m[0m
[1;36m[Dbg] [Thruster.cc:342] [0m[1;36mUsing PID controller for propeller joint.[0m[1;36m[0m
[1;36m[Dbg] [SystemManager.cc:73] [0m[1;36mLoaded system [[0m[1;36mignition::gazebo::systems::Thruster[0m[1;36m] for entity [[0m[1;36m8[0m[1;36m][0m[1;36m[0m
[1;32m[Msg] [0m[1;32mThruster listening to commands in [[0m[1;32m/model/nd_boat/joint/right_prop_joint/cmd_thrust[0m[1;32m][0m[1;32m[0m
[1;36m[Dbg] [Thruster.cc:342] [0m[1;36mUsing PID controller for propeller joint.[0m[1;36m[0m
[1;36m[Dbg] [SystemManager.cc:73] [0m[1;36mLoaded system [[0m[1;36mignition::gazebo::systems::Thruster[0m[1;36m] for entity [[0m[1;36m8[0m[1;36m][0m[1;36m[0m
[1;32m[Msg] [0m[1;32mLoaded level [[0m[1;32m3[0m[1;32m][0m[1;32m[0m
[1;32m[Msg] [0m[1;32mNo systems loaded from SDF, loading defaults[0m[1;32m[0m
[1;36m[Dbg] [ServerConfig.cc:1043] [0m[1;36mLoaded ([0m[1;36m3[0m[1;36m) plugins from file [0m[1;36m[[0m[1;36m/home/ethan/.ignition/gazebo/6/server.config[0m[1;36m][0m
[1;36m[Dbg] [Physics.cc:804] [0m[1;36mLoaded [[0m[1;36mignition::physics::dartsim::Plugin[0m[1;36m] from library [[0m[1;36m/usr/lib/x86_64-linux-gnu/ign-physics-5/engine-plugins/libignition-physics-dartsim-plugin.so[0m[1;36m][0m[1;36m[0m
[1;36m[Dbg] [SystemManager.cc:73] [0m[1;36mLoaded system [[0m[1;36mgz::sim::systems::Physics[0m[1;36m] for entity [[0m[1;36m1[0m[1;36m][0m[1;36m[0m
[1;32m[Msg] [0m[1;32mCreate service on [[0m[1;32m/world/ocean_world/create[0m[1;32m][0m[1;32m[0m
[1;32m[Msg] [0m[1;32mRemove service on [[0m[1;32m/world/ocean_world/remove[0m[1;32m][0m[1;32m[0m
[1;32m[Msg] [0m[1;32mPose service on [[0m[1;32m/world/ocean_world/set_pose[0m[1;32m][0m[1;32m[0m
[1;32m[Msg] [0m[1;32mPose service on [[0m[1;32m/world/ocean_world/set_pose_vector[0m[1;32m][0m[1;32m[0m
[1;32m[Msg] [0m[1;32mLight configuration service on [[0m[1;32m/world/ocean_world/light_config[0m[1;32m][0m[1;32m[0m
[1;32m[Msg] [0m[1;32mPhysics service on [[0m[1;32m/world/ocean_world/set_physics[0m[1;32m][0m[1;32m[0m
[1;32m[Msg] [0m[1;32mSphericalCoordinates service on [[0m[1;32m/world/ocean_world/set_spherical_coordinates[0m[1;32m][0m[1;32m[0m
[1;32m[Msg] [0m[1;32mEnable collision service on [[0m[1;32m/world/ocean_world/enable_collision[0m[1;32m][0m[1;32m[0m
[1;32m[Msg] [0m[1;32mDisable collision service on [[0m[1;32m/world/ocean_world/disable_collision[0m[1;32m][0m[1;32m[0m
[1;32m[Msg] [0m[1;32mMaterial service on [[0m[1;32m/world/ocean_world/visual_config[0m[1;32m][0m[1;32m[0m
[1;32m[Msg] [0m[1;32mMaterial service on [[0m[1;32m/world/ocean_world/wheel_slip[0m[1;32m][0m[1;32m[0m
[1;36m[Dbg] [SystemManager.cc:73] [0m[1;36mLoaded system [[0m[1;36mgz::sim::systems::UserCommands[0m[1;36m] for entity [[0m[1;36m1[0m[1;36m][0m[1;36m[0m
[1;36m[Dbg] [SystemManager.cc:73] [0m[1;36mLoaded system [[0m[1;36mgz::sim::systems::SceneBroadcaster[0m[1;36m] for entity [[0m[1;36m1[0m[1;36m][0m[1;36m[0m
[1;32m[Msg] [0m[1;32mServing world controls on [[0m[1;32m/world/ocean_world[0m[1;32m/control], [[0m[1;32m/world/ocean_world[0m[1;32m/control/state] and [[0m[1;32m/world/ocean_world[0m[1;32m/playback/control][0m[1;32m[0m
[1;32m[Msg] [0m[1;32mServing GUI information on [[0m[1;32m/world/ocean_world[0m[1;32m/[0m[1;32mgui/info[0m[1;32m][0m[1;32m[0m
[1;32m[Msg] [0m[1;32mWorld [[0m[1;32mocean_world[0m[1;32m] initialized with [[0m[1;32mdefault_physics[0m[1;[1;33m[Wrn] [SimulationRunner.cc:667] [0m[1;33mFound additional publishers on /stats,[0m[1;33m using namespaced stats topic only[0m[1;33m[0m
[1;33m[Wrn] [SimulationRunner.cc:700] [0m[1;33mFound additional publishers on /clock,[0m[1;33m using namespaced clock topic only[0m[1;33m[0m
